c:\users\gunhoo\desktop\the-game-of-life\gameoflife\gameoflife\debug\vc141.pdb
c:\users\gunhoo\desktop\the-game-of-life\gameoflife\gameoflife\debug\save.obj
c:\users\gunhoo\desktop\the-game-of-life\gameoflife\gameoflife\debug\main.obj
c:\users\gunhoo\desktop\the-game-of-life\gameoflife\gameoflife\debug\load.obj
c:\users\gunhoo\desktop\the-game-of-life\gameoflife\gameoflife\debug\initialview.obj
c:\users\gunhoo\desktop\the-game-of-life\gameoflife\gameoflife\debug\grid.obj
c:\users\gunhoo\desktop\the-game-of-life\gameoflife\gameoflife\debug\moc_initialview.obj
c:\users\gunhoo\desktop\the-game-of-life\gameoflife\gameoflife\debug\moc_gameoflifeview.obj
c:\users\gunhoo\desktop\the-game-of-life\gameoflife\gameoflife\debug\gameoflifeview.obj
c:\users\gunhoo\desktop\the-game-of-life\gameoflife\gameoflife\debug\gameoflife.obj
c:\users\gunhoo\desktop\the-game-of-life\gameoflife\gameoflife\debug\qrc_gameoflifeview.obj
c:\users\gunhoo\desktop\the-game-of-life\gameoflife\gameoflife\generatedfiles\debug\moc_gameoflifeview.cpp
c:\users\gunhoo\desktop\the-game-of-life\gameoflife\gameoflife\generatedfiles\ui_gameoflifeview.h
c:\users\gunhoo\desktop\the-game-of-life\gameoflife\gameoflife\generatedfiles\debug\moc_initialview.cpp
c:\users\gunhoo\desktop\the-game-of-life\gameoflife\gameoflife\generatedfiles\qrc_gameoflifeview.cpp
c:\users\gunhoo\desktop\the-game-of-life\gameoflife\gameoflife\generatedfiles\ui_initialview.h
c:\users\gunhoo\desktop\the-game-of-life\gameoflife\win32\debug\gameoflife.ilk
c:\users\gunhoo\desktop\the-game-of-life\gameoflife\win32\debug\gameoflife.exe
c:\users\gunhoo\desktop\the-game-of-life\gameoflife\win32\debug\gameoflife.pdb
c:\users\gunhoo\desktop\the-game-of-life\gameoflife\gameoflife\debug\gameoflife.tlog\cl.command.1.tlog
c:\users\gunhoo\desktop\the-game-of-life\gameoflife\gameoflife\debug\gameoflife.tlog\cl.read.1.tlog
c:\users\gunhoo\desktop\the-game-of-life\gameoflife\gameoflife\debug\gameoflife.tlog\cl.write.1.tlog
c:\users\gunhoo\desktop\the-game-of-life\gameoflife\gameoflife\debug\gameoflife.tlog\custombuild.command.1.tlog
c:\users\gunhoo\desktop\the-game-of-life\gameoflife\gameoflife\debug\gameoflife.tlog\custombuild.read.1.tlog
c:\users\gunhoo\desktop\the-game-of-life\gameoflife\gameoflife\debug\gameoflife.tlog\custombuild.write.1.tlog
c:\users\gunhoo\desktop\the-game-of-life\gameoflife\gameoflife\debug\gameoflife.tlog\link.command.1.tlog
c:\users\gunhoo\desktop\the-game-of-life\gameoflife\gameoflife\debug\gameoflife.tlog\link.read.1.tlog
c:\users\gunhoo\desktop\the-game-of-life\gameoflife\gameoflife\debug\gameoflife.tlog\link.write.1.tlog
